2021-03-10 11:10:05,301 - [test_create_api.py-->line:74] - INFO: 用例--【创建成功】---执行成功
2021-03-10 11:10:05,506 - [test_create_api.py-->line:71] - INFO: 用例--【重复接口名称】---执行失败
2021-03-10 11:10:05,811 - [test_create_api.py-->line:74] - INFO: 用例--【无效id】---执行成功
2021-03-10 11:10:06,018 - [test_create_api.py-->line:74] - INFO: 用例--【id为空】---执行成功
2021-03-10 11:10:07,099 - [test_create_case.py-->line:85] - INFO: 用例--【成功创建】---执行成功
2021-03-10 11:10:07,347 - [test_create_case.py-->line:85] - INFO: 用例--【pid为空】---执行成功
2021-03-10 11:10:07,554 - [test_create_case.py-->line:85] - INFO: 用例--【cid为空】---执行成功
2021-03-10 11:10:07,759 - [test_create_case.py-->line:82] - INFO: 用例--【用例名字相同】---执行失败
2021-03-10 11:10:07,962 - [test_create_case.py-->line:85] - INFO: 用例--【名字超长】---执行成功
2021-03-10 11:10:08,376 - [test_create_project.py-->line:59] - INFO: 用例--【创建成功】---执行成功
2021-03-10 11:10:08,487 - [test_create_project.py-->line:56] - INFO: 用例--【重复项目名称】---执行失败
2021-03-10 11:10:08,613 - [test_create_project.py-->line:59] - INFO: 用例--【leader负责人超过200个字】---执行成功
2021-03-10 11:10:08,704 - [test_create_project.py-->line:59] - INFO: 用例--【publish_app超过100个字符】---执行成功
2021-03-10 11:10:09,209 - [test_login.py-->line:47] - INFO: 用例--【登陆成功】---执行成功
2021-03-10 11:10:09,427 - [test_login.py-->line:47] - INFO: 用例--【用户名错误】---执行成功
2021-03-10 11:10:09,636 - [test_login.py-->line:47] - INFO: 用例--【密码错误】---执行成功
2021-03-10 11:10:09,734 - [test_login.py-->line:47] - INFO: 用例--【密码为空】---执行成功
2021-03-10 11:10:09,828 - [test_login.py-->line:47] - INFO: 用例--【用户名为空】---执行成功
2021-03-10 11:10:09,912 - [test_login.py-->line:47] - INFO: 用例--【全都为空】---执行成功
2021-03-10 11:10:10,251 - [test_register.py-->line:39] - INFO: 用例--【注册成功】---执行成功
2021-03-10 11:10:10,348 - [test_register.py-->line:39] - INFO: 用例--【用户名为空】---执行成功
2021-03-10 11:10:10,442 - [test_register.py-->line:39] - INFO: 用例--【5位用户名】---执行成功
2021-03-10 11:10:10,539 - [test_register.py-->line:39] - INFO: 用例--【21位用户名】---执行成功
2021-03-10 11:10:10,638 - [test_register.py-->line:39] - INFO: 用例--【特殊字符用户名】---执行成功
2021-03-10 11:10:10,847 - [test_register.py-->line:36] - INFO: 用例--【已使用过的用户名】---执行失败
2021-03-10 11:10:10,957 - [test_register.py-->line:39] - INFO: 用例--【错误格式邮箱】---执行成功
2021-03-10 11:10:11,171 - [test_register.py-->line:36] - INFO: 用例--【已注册邮箱】---执行失败
2021-03-10 11:10:11,374 - [test_register.py-->line:36] - INFO: 用例--【邮箱为空】---执行失败
2021-03-10 11:10:11,470 - [test_register.py-->line:39] - INFO: 用例--【5位密码】---执行成功
2021-03-10 11:10:11,605 - [test_register.py-->line:39] - INFO: 用例--【21位密码】---执行成功
2021-03-10 11:10:11,697 - [test_register.py-->line:39] - INFO: 用例--【两次密码为空】---执行成功
2021-03-10 11:10:11,800 - [test_register.py-->line:39] - INFO: 用例--【两次密码不一致】---执行成功
